<?xml version="1.0" encoding="UTF-8"?>
<!-- Generated by org.testng.reporters.JUnitReportReporter -->
<testsuite hostname="LAPTOP-E42ICP36" failures="1" tests="7" name="cucumberOptions.TestNGRunner" time="1.061" errors="0" timestamp="2024-04-01T12:08:14 IST" skipped="0">
  <testcase classname="cucumberOptions.TestNGRunner" name="runScenario" time="0.342"/>
  <testcase classname="cucumberOptions.TestNGRunner" name="runScenario" time="0.072"/>
  <testcase classname="cucumberOptions.TestNGRunner" name="runScenario" time="0.224">
    <failure message="expected [true] but found [false]" type="java.lang.AssertionError">
      <![CDATA[java.lang.AssertionError: expected [true] but found [false]
at org.testng.Assert.fail(Assert.java:111)
at org.testng.Assert.failNotEquals(Assert.java:1578)
at org.testng.Assert.assertTrue(Assert.java:57)
at org.testng.Assert.assertTrue(Assert.java:67)
at stepDefinitions.MainSteps.user_is_on_practice_landing_page(MainSteps.java:24)
at âœ½.User is on Practice landing page(file:///C:/Users/Goks/Work/Cucumber/src/test/java/features/firstProgram.feature:50)
]]>
    </failure>
  </testcase> <!-- runScenario -->
  <testcase classname="cucumberOptions.TestNGRunner" name="runScenario" time="0.048"/>
  <testcase classname="cucumberOptions.TestNGRunner" name="runScenario" time="0.179"/>
  <testcase classname="cucumberOptions.TestNGRunner" name="runScenario" time="0.153"/>
  <testcase classname="cucumberOptions.TestNGRunner" name="runScenario" time="0.043"/>
</testsuite> <!-- cucumberOptions.TestNGRunner -->
